Determining if the pthread_create exist failed with the following output:
Change Dir: /home/kevin/programacion/c++/CE3202-HomeWork4-SystemLinearEquations/src/CMakeFiles/CMakeTmp

Run Build Command:"/usr/bin/make" "cmTC_f0bbb/fast"
/usr/bin/make -f CMakeFiles/cmTC_f0bbb.dir/build.make CMakeFiles/cmTC_f0bbb.dir/build
make[1]: se entra en el directorio '/home/kevin/programacion/c++/CE3202-HomeWork4-SystemLinearEquations/src/CMakeFiles/CMakeTmp'
Building C object CMakeFiles/cmTC_f0bbb.dir/CheckSymbolExists.c.o
/usr/bin/cc     -o CMakeFiles/cmTC_f0bbb.dir/CheckSymbolExists.c.o   -c /home/kevin/programacion/c++/CE3202-HomeWork4-SystemLinearEquations/src/CMakeFiles/CMakeTmp/CheckSymbolExists.c
Linking C executable cmTC_f0bbb
/usr/bin/cmake -E cmake_link_script CMakeFiles/cmTC_f0bbb.dir/link.txt --verbose=1
/usr/bin/cc       CMakeFiles/cmTC_f0bbb.dir/CheckSymbolExists.c.o  -o cmTC_f0bbb -rdynamic 
CMakeFiles/cmTC_f0bbb.dir/CheckSymbolExists.c.o: En la función `main':
CheckSymbolExists.c:(.text+0x16): referencia a `pthread_create' sin definir
collect2: error: ld returned 1 exit status
CMakeFiles/cmTC_f0bbb.dir/build.make:97: fallo en las instrucciones para el objetivo 'cmTC_f0bbb'
make[1]: *** [cmTC_f0bbb] Error 1
make[1]: se sale del directorio '/home/kevin/programacion/c++/CE3202-HomeWork4-SystemLinearEquations/src/CMakeFiles/CMakeTmp'
Makefile:126: fallo en las instrucciones para el objetivo 'cmTC_f0bbb/fast'
make: *** [cmTC_f0bbb/fast] Error 2

File /home/kevin/programacion/c++/CE3202-HomeWork4-SystemLinearEquations/src/CMakeFiles/CMakeTmp/CheckSymbolExists.c:
/* */
#include <pthread.h>

int main(int argc, char** argv)
{
  (void)argv;
#ifndef pthread_create
  return ((int*)(&pthread_create))[argc];
#else
  (void)argc;
  return 0;
#endif
}

Determining if the function pthread_create exists in the pthreads failed with the following output:
Change Dir: /home/kevin/programacion/c++/CE3202-HomeWork4-SystemLinearEquations/src/CMakeFiles/CMakeTmp

Run Build Command:"/usr/bin/make" "cmTC_307ba/fast"
/usr/bin/make -f CMakeFiles/cmTC_307ba.dir/build.make CMakeFiles/cmTC_307ba.dir/build
make[1]: se entra en el directorio '/home/kevin/programacion/c++/CE3202-HomeWork4-SystemLinearEquations/src/CMakeFiles/CMakeTmp'
Building C object CMakeFiles/cmTC_307ba.dir/CheckFunctionExists.c.o
/usr/bin/cc    -DCHECK_FUNCTION_EXISTS=pthread_create   -o CMakeFiles/cmTC_307ba.dir/CheckFunctionExists.c.o   -c /usr/share/cmake-3.5/Modules/CheckFunctionExists.c
Linking C executable cmTC_307ba
/usr/bin/cmake -E cmake_link_script CMakeFiles/cmTC_307ba.dir/link.txt --verbose=1
/usr/bin/cc   -DCHECK_FUNCTION_EXISTS=pthread_create    CMakeFiles/cmTC_307ba.dir/CheckFunctionExists.c.o  -o cmTC_307ba -rdynamic -lpthreads 
/usr/bin/ld: no se puede encontrar -lpthreads
collect2: error: ld returned 1 exit status
CMakeFiles/cmTC_307ba.dir/build.make:97: fallo en las instrucciones para el objetivo 'cmTC_307ba'
make[1]: *** [cmTC_307ba] Error 1
make[1]: se sale del directorio '/home/kevin/programacion/c++/CE3202-HomeWork4-SystemLinearEquations/src/CMakeFiles/CMakeTmp'
Makefile:126: fallo en las instrucciones para el objetivo 'cmTC_307ba/fast'
make: *** [cmTC_307ba/fast] Error 2


